Using CSV file: /gpfs/fs5/nrcan/nrcan_geobase/work/dev/hem000/FSI2/results/newtop5/wet-years.csv
Tile: 201000, Years: [2005, 2008, 2011, 2021]
Tile: 203000, Years: [2008, 2021, 2022]
Tile: 207000, Years: [2021, 2022]
Tile: 209000, Years: [2021]
Tile: 210001, Years: [2005, 2017, 2020, 2021]
Tile: 210002, Years: [2021, 2022]
Tile: 210003, Years: [2020, 2021, 2022]
Tile: 501001, Years: [2017, 2020, 2021]
Tile: 701000, Years: [2016, 2017, 2018, 2019]
Tile: 710000, Years: [2016, 2020, 2021]
Tile: 1001000, Years: [2002, 2003, 2023]
Tile: 01AA000, Years: [2017, 2020, 2021]
Tile: 01AB000, Years: [2017, 2020, 2021]
Tile: 01AD000, Years: [2019, 2020, 2021, 2022]
Tile: 01AF000, Years: [2019, 2020, 2021, 2022]
Tile: 01AG000, Years: [2017, 2020, 2021]
Tile: 01AH000, Years: [2021]
Tile: 01AJA00, Years: [2021, 2022]
Tile: 01AJB00, Years: [2020, 2021, 2022]
Tile: 01AK000, Years: [2018, 2019, 2021, 2022]
Tile: 01AL000, Years: [2018, 2019, 2020, 2021, 2022]
Tile: 01AM000, Years: [2018, 2019, 2021, 2022]
Tile: 01AN000, Years: [2018, 2019, 2021, 2022]
Tile: 01AO000, Years: [2018, 2019, 2021]
Tile: 01AP000, Years: [2018, 2019, 2021, 2022]
Tile: 01AQ000, Years: [2021, 2022]
Tile: 01AR000, Years: [2021, 2022]
Tile: 01BA000, Years: [2020, 2021, 2022]
Tile: 01BB000, Years: [2020, 2021, 2022]
Tile: 01BC000, Years: [2018, 2019, 2020, 2021, 2022]
Tile: 01BD000, Years: [2020, 2021, 2022]
Tile: 01BE000, Years: [2019, 2020, 2021]
Tile: 01BF001, Years: [2014, 2015, 2018, 2019, 2020, 2021, 2022]
Tile: 01BG001, Years: [2019, 2020, 2021]
Tile: 01BG002, Years: [2019, 2020, 2021]
Tile: 01BG003, Years: [2019, 2020, 2021]
Tile: 01BH001, Years: [2018, 2019, 2020]
Tile: 01BH002, Years: [2014, 2019, 2020]
Tile: 01BJ001, Years: [2019, 2020, 2021]
Tile: 01BK000, Years: [2019, 2020, 2021]
Tile: 01BL000, Years: [2019, 2020]
Tile: 01BM000, Years: [2019, 2020, 2021]
Tile: 01BN000, Years: [2018, 2019, 2020, 2021, 2022]
Tile: 01BO000, Years: [2019, 2020, 2021, 2022]
Tile: 01BP000, Years: [2018, 2019, 2020, 2021, 2022]
Tile: 01BQ000, Years: [2018, 2019, 2020, 2021, 2022]
Tile: 01BR000, Years: [2019, 2021]
Tile: 01BS000, Years: [2019, 2021, 2022]
Tile: 01BT000, Years: [2019, 2021, 2022, 2023]
Tile: 01BU000, Years: [2019, 2021, 2022]
Tile: 01BV000, Years: [2018, 2021, 2022]
Tile: 01CA000, Years: [2019, 2022, 2023]
Tile: 01CB000, Years: [2021, 2022, 2023]
Tile: 01CC000, Years: [2022, 2023]
Tile: 01CD000, Years: [2022, 2023]
Tile: 01CE000, Years: [2022, 2023]
Tile: 01DA000, Years: [2021, 2022, 2023]
Tile: 01DB000, Years: [2021, 2022, 2023]
Tile: 01DC000, Years: [2021, 2022]
Tile: 01DD000, Years: [2022]
Tile: 01DE000, Years: [2011, 2022]
Tile: 01DF000, Years: [2011, 2022, 2023]
Tile: 01DG000, Years: [2011, 2022, 2023]
Tile: 01DH000, Years: [2011, 2022, 2023]
Tile: 01DJ000, Years: [2011, 2021, 2022, 2023]
Tile: 01DK000, Years: [2021, 2022, 2023]
Tile: 01DL000, Years: [2019, 2021, 2022, 2023]
Tile: 01DM000, Years: [2019, 2021, 2022, 2023]
Tile: 01DN000, Years: [2019, 2021, 2022, 2023]
Tile: 01DO000, Years: [2011, 2022, 2023]
Tile: 01DP000, Years: [2011, 2022, 2023]
Tile: 01DQ000, Years: [2011, 2022, 2023]
Tile: 01DR000, Years: [2011, 2022, 2023]
Tile: 01DS000, Years: [2010, 2011, 2022, 2023]
Tile: 01EA000, Years: [2011, 2021, 2022]
Tile: 01EB000, Years: [2011, 2022]
Tile: 01EC000, Years: [2011, 2022]
Tile: 01ED000, Years: [2011, 2021, 2022]
Tile: 01EE000, Years: [2011, 2022]
Tile: 01EF000, Years: [2011, 2022]
Tile: 01EG000, Years: [2011, 2021, 2022]
Tile: 01EH000, Years: [2011, 2022]
Tile: 01EJ000, Years: [2011, 2022]
Tile: 01EK000, Years: [2011, 2012, 2022, 2023]
Tile: 01EL000, Years: [2000, 2011, 2012, 2023]
Tile: 01EM000, Years: [2011, 2012, 2016, 2023]
Tile: 01EN000, Years: [2010, 2011, 2016, 2023]
Tile: 01EO000, Years: [2011, 2012, 2016, 2023]
Tile: 01EP000, Years: [2016, 2023]
Tile: 01EQ000, Years: [2000, 2010, 2016, 2023]
Tile: 01ER000, Years: [2000, 2002, 2023]
Tile: 01FA000, Years: [2022, 2023]
Tile: 01FB000, Years: [2000, 2022, 2023]
Tile: 01FC000, Years: [2000, 2023]
Tile: 01FD000, Years: [2000, 2006, 2023]
Tile: 01FE000, Years: [2000, 2023]
Tile: 01FF000, Years: [2000, 2022, 2023]
Tile: 01FG000, Years: [2005, 2014, 2020]
Tile: 01FH000, Years: [2000, 2010, 2022, 2023]
Tile: 01FJ000, Years: [2023]
Tile: 01KA000, Years: [2020, 2021, 2022]
Tile: 02AA000, Years: [2020, 2021]
Tile: 02AB000, Years: [2020, 2021]
Tile: 02AC000, Years: [2020, 2021]
Tile: 02AD000, Years: [2020, 2021]
Tile: 02AE000, Years: [2020, 2021, 2023]
Tile: 02BA000, Years: [2020, 2021, 2023]
Tile: 02BB000, Years: [2020, 2021, 2022, 2023]
Tile: 02BC000, Years: [2020, 2021]
Tile: 02BD000, Years: [2020, 2021]
Tile: 02BE000, Years: [2018, 2020, 2021, 2023]
Tile: 02BF000, Years: [2018, 2020, 2021]
Tile: 02CAA00, Years: [2021, 2022]
Tile: 02CAB00, Years: [2021, 2022]
Tile: 02CB000, Years: [2020, 2021, 2022]
Tile: 02CC000, Years: [2021, 2022]
Tile: 02CD000, Years: [2021, 2022]
Tile: 02CE000, Years: [2021, 2022]
Tile: 02CF000, Years: [2021, 2022]
Tile: 02CH000, Years: [2021, 2022]
Tile: 02DA000, Years: [2021, 2022]
Tile: 02DB000, Years: [2005, 2021, 2022]
Tile: 02DC000, Years: [2021, 2022]
Tile: 02DD000, Years: [2021, 2022]
Tile: 02EA000, Years: [2021, 2022]
Tile: 02EB000, Years: [2021, 2022]
Tile: 02EC000, Years: [2021, 2022]
Tile: 02ED000, Years: [2021, 2022]
Tile: 02FA000, Years: [2021, 2022]
Tile: 02FB000, Years: [2021, 2022]
Tile: 02FC000, Years: [2021, 2022]
Tile: 02FD000, Years: [2021]
Tile: 02FE000, Years: [2020, 2021, 2022]
Tile: 02FF000, Years: [2015, 2021]
Tile: 02GA000, Years: [2021, 2022]
Tile: 02GB000, Years: [2021, 2022]
Tile: 02GC000, Years: [2017, 2021]
Tile: 02GD000, Years: [2017, 2021, 2022]
Tile: 02GE000, Years: [2017, 2021, 2022]
Tile: 02GF000, Years: [2017, 2021, 2022]
Tile: 02GGA00, Years: [2021]
Tile: 02GGB00, Years: [2017, 2021, 2022]
Tile: 02GHA00, Years: [2000, 2013, 2021]
Tile: 02GHB00, Years: [2013, 2021, 2022]
Tile: 02HAA00, Years: [2017, 2021]
Tile: 02HAC00, Years: [2017, 2021, 2022]
Tile: 02HAD00, Years: [2008, 2013, 2017, 2021, 2022]
Tile: 02HB000, Years: [2021, 2022]
Tile: 02HC000, Years: [2017, 2021, 2022]
Tile: 02HD000, Years: [2020, 2021, 2022]
Tile: 02HF000, Years: [2021, 2022]
Tile: 02HG000, Years: [2021, 2022]
Tile: 02HH000, Years: [2021, 2022]
Tile: 02HJ000, Years: [2021, 2022]
Tile: 02HKA00, Years: [2021, 2022]
Tile: 02HKB00, Years: [2021]
Tile: 02HL000, Years: [2020, 2021, 2022]
Tile: 02HM000, Years: [2020, 2021, 2022]
Tile: 02JA000, Years: [2021, 2022]
Tile: 02JB000, Years: [2021, 2022]
Tile: 02JC000, Years: [2021, 2022]
Tile: 02JD000, Years: [2021, 2022]
Tile: 02JE000, Years: [2021, 2022]
Tile: 02KA000, Years: [2021, 2022]
Tile: 02KB000, Years: [2021, 2022]
Tile: 02KC000, Years: [2021, 2022]
Tile: 02KD000, Years: [2021, 2022]
Tile: 02KE000, Years: [2020, 2021, 2022]
Tile: 02KF000, Years: [2021, 2022]
Tile: 02KG001, Years: [2021, 2022]
Tile: 02KH001, Years: [2021, 2022]
Tile: 02KJ001, Years: [2021, 2022]
Tile: 02LA000, Years: [2020, 2021]
Tile: 02LB001, Years: [2017, 2020, 2021]
Tile: 02LC001, Years: [2020, 2021, 2022]
Tile: 02LD001, Years: [2021, 2022]
Tile: 02LE000, Years: [2021, 2022]
Tile: 02LF001, Years: [2021, 2022]
Tile: 02LG000, Years: [2021, 2022]
Tile: 02LH001, Years: [2021, 2022]
Tile: 02MA000, Years: [2017, 2020, 2021]
Tile: 02MCA00, Years: [2017, 2020, 2021]
Tile: 02MCD00, Years: [2021]
Tile: 02MCE00, Years: [2017, 2020, 2021]
Tile: 02NA000, Years: [2021]
Tile: 02NB000, Years: [2020, 2021]
Tile: 02NC000, Years: [2020, 2021]
Tile: 02ND000, Years: [2020, 2021]
Tile: 02NE000, Years: [2020, 2021]
Tile: 02NF000, Years: [2020, 2021, 2022]
Tile: 02NG000, Years: [2017, 2021, 2022]
Tile: 02OAA01, Years: [2017, 2020, 2021]
Tile: 02OAB00, Years: [2017, 2020, 2021]
Tile: 02OB000, Years: [2020, 2021]
Tile: 02OC000, Years: [2020, 2021, 2022]
Tile: 02OD000, Years: [2020, 2021, 2022]
Tile: 02OE000, Years: [2021, 2022]
Tile: 02OF000, Years: [2021]
Tile: 02OG000, Years: [2005, 2017, 2020, 2021]
Tile: 02OHA00, Years: [2017, 2020, 2021]
Tile: 02OHB00, Years: [2020, 2021, 2022]
Tile: 02OJ000, Years: [2005, 2017, 2020, 2021]
Tile: 02PA000, Years: [2020, 2021, 2022]
Tile: 02PB000, Years: [2020, 2021, 2022]
Tile: 02PC000, Years: [2020, 2021, 2022]
Tile: 02PD001, Years: [2021, 2022]
Tile: 02PD002, Years: [2021]
Tile: 02PE001, Years: [2020, 2021, 2023]
Tile: 02PE002, Years: [2020, 2021, 2022]
Tile: 02PF000, Years: [2020, 2021]
Tile: 02PG001, Years: [2020, 2021, 2022]
Tile: 02PG002, Years: [2021, 2022]
Tile: 02PH001, Years: [2021]
Tile: 02PH002, Years: [2021, 2022]
Tile: 02PJ000, Years: [2021, 2022]
Tile: 02PK001, Years: [2021, 2022]
Tile: 02PK002, Years: [2020, 2021, 2022]
Tile: 02PL000, Years: [2020, 2021, 2022]
Tile: 02QA001, Years: [2019, 2020, 2021, 2022]
Tile: 02QA002, Years: [2020, 2021, 2022]
Tile: 02QA003, Years: [2020, 2021, 2022]
Tile: 02QB001, Years: [2019, 2020, 2021, 2022, 2023]
Tile: 02QB002, Years: [2020, 2021, 2022]
Tile: 02QB003, Years: [2019, 2020, 2021, 2022]
Tile: 02QC001, Years: [2020, 2021, 2023]
Tile: 02QC002, Years: [2020, 2021, 2022]
Tile: 02RA000, Years: [2008, 2009, 2010, 2021]
Tile: 02RB000, Years: [2010, 2021]
Tile: 02RC000, Years: [2020, 2021]
Tile: 02RD000, Years: [2017, 2020, 2021, 2022]
Tile: 02RE000, Years: [2020, 2021, 2022]
Tile: 02RF000, Years: [2020, 2021]
Tile: 02RG001, Years: [2021]
Tile: 02RG002, Years: [2020, 2021]
Tile: 02RH001, Years: [2020, 2021, 2023]
Tile: 02RH002, Years: [2019, 2020, 2021]
Tile: 02RH003, Years: [2020, 2021]
Tile: 02RH004, Years: [2020, 2021]
Tile: 02SA000, Years: [2013, 2021]
Tile: 02SB000, Years: [2020, 2021]
Tile: 02SC001, Years: [2020, 2021, 2022, 2023]
Tile: 02SC002, Years: [2020, 2021, 2022, 2023]
Tile: 02TA000, Years: [2009, 2010]
Tile: 02TB000, Years: [2004, 2005, 2008, 2013, 2021]
Tile: 02TC000, Years: [2020, 2021, 2022]
Tile: 02TD000, Years: [2009, 2010, 2021]
Tile: 02TE000, Years: [2020, 2021]
Tile: 02UA000, Years: [2020, 2021, 2022]
Tile: 02UB000, Years: [2010, 2020, 2021, 2022]
Tile: 02UC000, Years: [2010, 2020, 2021]
Tile: 02VA000, Years: [2020, 2021, 2022, 2023]
Tile: 02VB000, Years: [2010, 2018, 2021]
Tile: 02VC000, Years: [2010, 2013, 2021]
Tile: 02WA000, Years: [2020, 2021, 2022]
Tile: 02WB000, Years: [2010, 2013, 2021]
Tile: 02WC000, Years: [2020, 2021, 2022, 2023]
Tile: 02WD000, Years: [2019, 2020, 2021]
Tile: 02WE000, Years: [2015, 2017, 2018, 2020]
Tile: 02XA000, Years: [2010, 2021, 2023]
Tile: 02XB000, Years: [2004, 2010, 2016, 2017, 2020, 2021, 2022, 2023]
Tile: 02XC000, Years: [2004, 2020, 2021, 2023]
Tile: 02XD000, Years: [2016]
Tile: 02YA000, Years: [2012, 2016]
Tile: 02YB000, Years: [2002, 2012, 2013, 2016]
Tile: 02YC000, Years: [2022, 2023]
Tile: 02YD000, Years: [2001, 2002, 2005, 2006, 2007, 2011, 2012, 2013, 2016]
Tile: 02YE000, Years: [2020, 2021, 2022]
Tile: 02YF000, Years: [2000, 2001, 2002, 2006]
Tile: 02YG000, Years: [2000, 2001, 2002, 2010, 2011, 2012]
Tile: 02YH000, Years: [2000, 2001, 2002]
Tile: 02YJ000, Years: [2014, 2015, 2020]
Tile: 02YK000, Years: [2000, 2002, 2008]
Tile: 02YL000, Years: [2014, 2015, 2020, 2021]
Tile: 02YM000, Years: [2000, 2011, 2012]
Tile: 02YN000, Years: [2000, 2002, 2022]
Tile: 02YO000, Years: [2011, 2020, 2021, 2022]
Tile: 02YP000, Years: [2011]
Tile: 02YQ000, Years: [2004, 2010, 2011]
Tile: 02YR000, Years: [2004, 2011]
Tile: 02YS000, Years: [2004, 2010, 2011]
Tile: 02ZA000, Years: [2000, 2002]
Tile: 02ZB000, Years: [2000, 2002, 2023]
Tile: 02ZC000, Years: [2000, 2002]
Tile: 02ZD000, Years: [2000, 2002, 2004]
Tile: 02ZE000, Years: [2000, 2003, 2004]
Tile: 02ZF000, Years: [2004, 2023]
Tile: 02ZG000, Years: [2004, 2006, 2023]
Tile: 02ZH000, Years: [2004, 2023]
Tile: 02ZJ000, Years: [2004]
Tile: 02ZK000, Years: [2004, 2023]
Tile: 02ZL000, Years: [2004, 2006, 2007, 2023]
Tile: 02ZM000, Years: [2004, 2023]
Tile: 02ZN000, Years: [2004, 2023]
Tile: 03AA000, Years: [2021]
Tile: 03AB000, Years: [2021]
Tile: 03AC000, Years: [2017, 2020, 2021]
Tile: 03AD000, Years: [2017, 2021, 2022]
Tile: 03BA000, Years: [2013, 2021]
Tile: 03BB000, Years: [2010, 2021, 2022]
Tile: 03BC000, Years: [2021, 2022]
Tile: 03BD000, Years: [2010, 2021, 2022]
Tile: 03BE000, Years: [2021, 2022]
Tile: 03BF000, Years: [2020, 2021, 2022]
Tile: 03BG000, Years: [2021, 2022]
Tile: 03CA000, Years: [2010, 2014, 2021]
Tile: 03CB000, Years: [2010, 2021, 2022]
Tile: 03CC000, Years: [2021, 2022]
Tile: 03CD000, Years: [2010, 2021, 2022]
Tile: 03CE000, Years: [2017, 2021, 2022]
Tile: 03DA001, Years: [2010]
Tile: 03DA002, Years: [2010, 2013, 2014]
Tile: 03DB000, Years: [2010, 2011, 2013, 2014, 2023]
Tile: 03DC001, Years: [2017, 2020]
Tile: 03DC002, Years: [2010, 2013, 2017]
Tile: 03DD000, Years: [2010, 2021, 2022]
Tile: 03DE000, Years: [2020, 2021, 2022]
Tile: 03DF000, Years: [2004, 2019, 2020, 2021, 2022, 2023]
Tile: 03DG000, Years: [2020, 2021, 2022]
Tile: 03DH000, Years: [2020, 2021, 2022]
Tile: 03EA001, Years: [2003, 2013, 2017]
Tile: 03EA002, Years: [2013, 2014]
Tile: 03EB000, Years: [2010, 2011, 2013, 2014, 2016, 2017, 2023]
Tile: 03EC000, Years: [2010, 2011, 2013, 2014, 2016, 2017, 2022, 2023]
Tile: 03ED000, Years: [2013, 2014, 2022, 2023]
Tile: 03EE000, Years: [2014, 2019, 2020, 2021, 2022, 2023]
Tile: 03EF000, Years: [2014, 2015, 2018, 2019, 2021, 2022]
Tile: 03FA001, Years: [2021]
Tile: 03FA002, Years: [2017, 2019, 2021]
Tile: 03FB001, Years: [2017, 2021]
Tile: 03FB002, Years: [2019, 2020, 2021, 2022]
Tile: 03FC001, Years: [2016, 2017]
Tile: 03FC002, Years: [2013, 2014, 2016, 2017]
Tile: 03GA001, Years: [2014, 2015, 2022]
Tile: 03GA002, Years: [2014, 2018, 2022]
Tile: 03GB001, Years: [2014, 2015, 2022]
Tile: 03GB002, Years: [2015, 2018, 2022]
Tile: 03GB003, Years: [2006, 2008, 2015, 2017, 2018, 2020, 2022]
Tile: 03GC001, Years: [2005, 2015]
Tile: 03GC002, Years: [2015, 2017, 2022]
Tile: 03GC003, Years: [2015, 2017, 2018, 2022]
Tile: 03GC004, Years: [2015, 2017, 2018, 2022]
Tile: 03GD001, Years: [2007, 2008, 2009]
Tile: 03GD002, Years: [2005, 2006, 2007, 2008, 2017, 2022]
Tile: 03GD003, Years: [2011, 2015, 2022]
Tile: 03GD004, Years: [2006, 2007, 2015, 2022]
Tile: 03GE001, Years: [2005, 2006, 2008, 2009]
Tile: 03GE002, Years: [2005, 2008]
Tile: 03GE003, Years: [2005]
Tile: 03HA001, Years: [2005, 2006, 2007, 2008, 2010, 2011]
Tile: 03HA002, Years: [2005, 2006, 2017]
Tile: 03HA003, Years: [2015, 2017, 2022]
Tile: 03HA004, Years: [2015, 2017, 2022]
Tile: 03HA005, Years: [2006, 2007]
Tile: 03HB000, Years: [2006, 2007]
Tile: 03HC001, Years: [2005, 2006, 2007, 2008, 2009]
Tile: 03HC002, Years: [2005, 2006]
Tile: 03JA001, Years: [2017]
Tile: 03JA002, Years: [2006, 2008, 2017]
Tile: 03JA003, Years: [2017, 2020, 2021]
Tile: 03JA004, Years: [2017, 2020, 2021, 2022]
Tile: 03JA005, Years: [2017, 2020, 2021]
Tile: 03JB001, Years: [2015, 2017, 2021]
Tile: 03JB002, Years: [2015, 2017, 2021]
Tile: 03JB003, Years: [2015, 2017, 2021]
Tile: 03JB004, Years: [2017, 2020, 2021]
Tile: 03JC001, Years: [2017, 2018, 2021]
Tile: 03JC002, Years: [2010, 2017, 2021]
Tile: 03JD000, Years: [2015, 2017, 2018, 2021, 2022]
Tile: 03KA001, Years: [2021]
Tile: 03KA002, Years: [2021]
Tile: 03KB001, Years: [2010, 2011, 2017, 2021]
Tile: 03KB002, Years: [2010, 2011, 2016, 2017]
Tile: 03KB003, Years: [2003, 2010, 2011, 2016, 2017, 2023]
Tile: 03KC000, Years: [2016, 2017, 2021, 2023]
Tile: 03KD000, Years: [2017, 2021]
Tile: 03KE000, Years: [2019, 2021, 2023]
Tile: 03LA001, Years: [2009, 2010, 2011, 2013, 2014]
Tile: 03LA002, Years: [2009, 2010, 2021]
Tile: 03LA003, Years: [2009, 2010, 2021]
Tile: 03LB000, Years: [2013, 2014]
Tile: 03LC000, Years: [2003, 2010, 2016, 2017, 2023]
Tile: 03LD000, Years: [2010, 2011, 2017, 2018]
Tile: 03LE001, Years: [2010, 2016, 2017, 2023]
Tile: 03LE002, Years: [2003, 2010, 2016, 2017, 2023]
Tile: 03LF000, Years: [2016, 2017, 2018, 2021, 2023]
Tile: 03MA001, Years: [2010]
Tile: 03MA002, Years: [2010, 2017]
Tile: 03MB000, Years: [2010, 2019, 2021, 2023]
Tile: 03MC001, Years: [2010, 2021, 2023]
Tile: 03MC002, Years: [2010, 2019, 2021]
Tile: 03MD001, Years: [2010]
Tile: 03MD002, Years: [2010, 2021]
Tile: 03MD003, Years: [2010, 2017, 2021]
Tile: 03ME000, Years: [2010, 2017, 2023]
Tile: 03MF001, Years: [2021]
Tile: 03MF002, Years: [2010, 2014, 2019, 2021]
Tile: 03NA000, Years: [2010, 2021]
Tile: 03NB000, Years: [2010, 2021, 2023]
Tile: 03NC000, Years: [2010, 2013, 2021]
Tile: 03ND000, Years: [2010, 2021, 2023]
Tile: 03NE001, Years: [2010, 2021]
Tile: 03NE002, Years: [2010, 2021]
Tile: 03NF000, Years: [2004, 2010, 2013, 2021]
Tile: 03NG001, Years: [2010, 2021]
Tile: 03NG002, Years: [2004, 2007, 2021]
Tile: 03NH000, Years: [2004, 2005, 2021]
Tile: 03OA001, Years: [2010, 2013, 2017]
Tile: 03OA002, Years: [2010, 2013, 2021]
Tile: 03OB001, Years: [2010, 2013, 2017]
Tile: 03OB002, Years: [2010, 2013, 2018, 2019, 2021]
Tile: 03OC001, Years: [2010, 2013, 2021]
Tile: 03OC002, Years: [2010, 2013, 2017, 2021]
Tile: 03OD000, Years: [2010, 2013, 2021]
Tile: 03OE000, Years: [2004, 2010, 2013, 2021]
Tile: 03PA000, Years: [2010, 2013, 2021]
Tile: 03PB000, Years: [2004, 2005, 2010, 2013, 2021]
Tile: 03PC000, Years: [2004, 2010, 2013, 2021]
Tile: 03PD000, Years: [2004, 2013, 2021]
Tile: 03PE000, Years: [2004, 2005]
Tile: 03QA000, Years: [2004, 2005, 2021]
Tile: 03QB000, Years: [2004, 2005, 2016, 2022, 2023]
Tile: 04AA000, Years: [2011, 2017, 2020, 2021]
Tile: 04AB000, Years: [2004, 2005, 2017, 2020, 2021]
Tile: 04AC000, Years: [2017, 2020, 2021]
Tile: 04AD000, Years: [2005, 2011, 2017, 2021]
Tile: 04AE000, Years: [2004, 2005, 2011, 2021, 2022]
Tile: 04AF000, Years: [2005, 2011, 2017]
Tile: 04BA000, Years: [2008, 2022]
Tile: 04BB000, Years: [2002, 2009, 2022]
Tile: 04BC000, Years: [2009]
Tile: 04CA000, Years: [2017, 2020, 2021]
Tile: 04CB000, Years: [2017, 2020, 2021]
Tile: 04CC000, Years: [2011, 2017, 2021]
Tile: 04CD000, Years: [2005, 2011, 2017, 2021]
Tile: 04CE000, Years: [2005, 2011, 2021]
Tile: 04CF000, Years: [2009, 2014, 2021]
Tile: 04DA000, Years: [2017, 2021]
Tile: 04DB000, Years: [2011, 2021]
Tile: 04DC000, Years: [2020, 2021, 2023]
Tile: 04DD000, Years: [2021, 2023]
Tile: 04EA000, Years: [2021]
Tile: 04EB000, Years: [2021]
Tile: 04EC000, Years: [2014, 2021]
Tile: 04ED000, Years: [2014, 2020, 2021, 2023]
Tile: 04FA000, Years: [2017, 2020, 2021]
Tile: 04FB000, Years: [2017, 2021, 2022]
Tile: 04FC000, Years: [2021, 2022]
Tile: 04GA000, Years: [2017, 2020, 2021]
Tile: 04GBA00, Years: [2017, 2020, 2021]
Tile: 04GBB00, Years: [2016, 2017, 2020, 2021]
Tile: 04GC000, Years: [2017, 2020, 2021]
Tile: 04GD000, Years: [2017, 2020, 2021, 2022]
Tile: 04GE000, Years: [2017, 2021]
Tile: 04GF000, Years: [2017, 2021, 2022]
Tile: 04HA000, Years: [2017, 2021, 2022]
Tile: 04HB000, Years: [2017, 2021, 2022]
Tile: 04HC000, Years: [2017, 2021, 2022]
Tile: 04HD000, Years: [2017, 2021, 2022]
Tile: 04JA000, Years: [2017, 2020, 2021]
Tile: 04JB000, Years: [2020, 2021, 2022]
Tile: 04JC000, Years: [2020, 2021]
Tile: 04JDA00, Years: [2020, 2021, 2023]
Tile: 04JDB00, Years: [2020, 2021, 2022]
Tile: 04JE000, Years: [2020, 2021, 2022]
Tile: 04JF000, Years: [2017, 2020, 2021]
Tile: 04JG000, Years: [2020, 2021, 2022]
Tile: 04KA000, Years: [2008, 2020, 2021, 2022]
Tile: 04KB000, Years: [2017, 2020, 2021, 2022]
Tile: 04LA000, Years: [2020, 2021, 2022]
Tile: 04LB000, Years: [2020, 2021, 2022]
Tile: 04LC000, Years: [2020, 2021, 2022]
Tile: 04LD000, Years: [2020, 2021, 2022]
Tile: 04LE000, Years: [2020, 2021]
Tile: 04LF000, Years: [2020, 2021, 2022]
Tile: 04LG000, Years: [2020, 2021, 2022]
Tile: 04LH000, Years: [2017, 2020, 2021]
Tile: 04LJ000, Years: [2017, 2020, 2021, 2022]
Tile: 04LK000, Years: [2020, 2021, 2022]
Tile: 04LL000, Years: [2020, 2021, 2022]
Tile: 04LM000, Years: [2020, 2021, 2022]
Tile: 04MA000, Years: [2017, 2021, 2022]
Tile: 04MB000, Years: [2017, 2020, 2021, 2022]
Tile: 04MC000, Years: [2017, 2020, 2021, 2022]
Tile: 04MD000, Years: [2017, 2020, 2021, 2022]
Tile: 04ME000, Years: [2020, 2021, 2022]
Tile: 04NA000, Years: [2017, 2020, 2021, 2022]
Tile: 04NB000, Years: [2017, 2020, 2021]
Tile: 04NC000, Years: [2017, 2021, 2022]
Tile: 05AA000, Years: [2001, 2004, 2023]
Tile: 05AB000, Years: [2017, 2018]
Tile: 05AC000, Years: [2017, 2018]
Tile: 05AD000, Years: [2017, 2018]
Tile: 05AE000, Years: [2017, 2018]
Tile: 05AF000, Years: [2017, 2018]
Tile: 05AG000, Years: [2017, 2018]
Tile: 05AH000, Years: [2015, 2017, 2021]
Tile: 05AJ000, Years: [2015, 2017, 2021]
Tile: 05AK000, Years: [2015, 2017, 2021]
Tile: 05BA000, Years: [2000, 2021, 2023]
Tile: 05BB000, Years: [2000, 2001, 2009]
Tile: 05BC000, Years: [2000, 2001, 2002, 2022, 2023]
Tile: 05BD000, Years: [2002, 2021, 2023]
Tile: 05BE000, Years: [2001, 2009, 2023]
Tile: 05BF000, Years: [2000, 2001, 2023]
Tile: 05BG000, Years: [2000, 2001, 2023]
Tile: 05BH000, Years: [2016, 2017, 2023]
Tile: 05BJ000, Years: [2000, 2001, 2002, 2009, 2010, 2016, 2017, 2018]
Tile: 05BK000, Years: [2017]
Tile: 05BL000, Years: [2017]
Tile: 05BM000, Years: [2017]
Tile: 05BN000, Years: [2017]
Tile: 05CA000, Years: [2000, 2001, 2023]
Tile: 05CB000, Years: [2001, 2009, 2023]
Tile: 05CC000, Years: [2016, 2017, 2018, 2022, 2023]
Tile: 05CD000, Years: [2017, 2018]
Tile: 05CE000, Years: [2017]
Tile: 05CF000, Years: [2016, 2017]
Tile: 05CG000, Years: [2017]
Tile: 05CH000, Years: [2017, 2022]
Tile: 05CJ000, Years: [2017, 2022]
Tile: 05CK000, Years: [2017, 2021, 2022]
Tile: 05DA000, Years: [2000, 2009, 2023]
Tile: 05DB000, Years: [2000, 2001, 2009]
Tile: 05DC000, Years: [2001, 2009, 2023]
Tile: 05DD000, Years: [2000, 2009, 2023]
Tile: 05DE000, Years: [2017]
Tile: 05DF000, Years: [2015, 2017, 2018]
Tile: 05EA000, Years: [2015, 2017, 2021]
Tile: 05EB000, Years: [2015, 2017]
Tile: 05EC000, Years: [2015, 2017]
Tile: 05ED000, Years: [2015, 2017]
Tile: 05EE000, Years: [2015, 2017]
Tile: 05EF000, Years: [2015, 2017]
Tile: 05EG000, Years: [2015, 2017]
Tile: 05FA000, Years: [2015, 2017]
Tile: 05FB000, Years: [2015, 2017]
Tile: 05FC000, Years: [2017]
Tile: 05FD000, Years: [2015, 2017, 2022]
Tile: 05FE000, Years: [2015, 2017]
Tile: 05FF000, Years: [2015, 2017]
Tile: 05GA000, Years: [2015, 2017]
Tile: 05GB001, Years: [2017]
Tile: 05GB002, Years: [2015, 2017]
Tile: 05GC000, Years: [2017]
Tile: 05GD000, Years: [2017]
Tile: 05GE000, Years: [2017]
Tile: 05GF000, Years: [2017]
Tile: 05GG000, Years: [2017, 2020, 2021]
Tile: 05HA000, Years: [2015, 2017, 2021]
Tile: 05HB000, Years: [2015, 2017, 2021]
Tile: 05HC000, Years: [2015, 2017, 2022]
Tile: 05HD000, Years: [2015, 2017]
Tile: 05HE000, Years: [2015, 2017]
Tile: 05HF001, Years: [2015, 2017]
Tile: 05HF002, Years: [2015, 2017]
Tile: 05HG001, Years: [2017]
Tile: 05HG002, Years: [2017, 2022]
Tile: 05HG003, Years: [2017]
Tile: 05HH000, Years: [2017]
Tile: 05JA000, Years: [2017, 2018, 2022]
Tile: 05JB000, Years: [2017, 2018, 2022]
Tile: 05JC000, Years: [2017]
Tile: 05JD001, Years: [2017]
Tile: 05JD002, Years: [2017]
Tile: 05JE000, Years: [2017]
Tile: 05JF000, Years: [2017]
Tile: 05JG000, Years: [2017]
Tile: 05JH000, Years: [2017]
Tile: 05JJ000, Years: [2017]
Tile: 05JK000, Years: [2017]
Tile: 05JL000, Years: [2017]
Tile: 05JM000, Years: [2017, 2020, 2021]
Tile: 05KA000, Years: [2005, 2017]
Tile: 05KB000, Years: [2017, 2020, 2021]
Tile: 05KC000, Years: [2017, 2020, 2021]
Tile: 05KD000, Years: [2017, 2020, 2021]
Tile: 05KE000, Years: [2017, 2020, 2021]
Tile: 05KF000, Years: [2006, 2017, 2021]
Tile: 05KG000, Years: [2017, 2021]
Tile: 05KH000, Years: [2017, 2020, 2021]
Tile: 05KJ001, Years: [2017, 2020, 2021]
Tile: 05KK001, Years: [2017, 2020, 2021]
Tile: 05KL001, Years: [2017, 2020, 2021]
Tile: 05L0001, Years: [2017, 2020, 2021]
Tile: 05L1001, Years: [2015, 2017]
Tile: 05LA000, Years: [2017]
Tile: 05LB000, Years: [2015, 2017, 2020, 2021]
Tile: 05LC000, Years: [2015, 2017, 2020, 2021]
Tile: 05LD001, Years: [2015, 2017, 2020, 2021]
Tile: 05LE000, Years: [2015, 2017, 2020, 2021]
Tile: 05LF001, Years: [2017, 2020, 2021]
Tile: 05LF002, Years: [2015, 2017, 2020, 2021]
Tile: 05LF003, Years: [2017, 2020, 2021]
Tile: 05LG001, Years: [2015, 2017, 2020, 2021]
Tile: 05LH001, Years: [2017, 2018, 2020, 2021]
Tile: 05LJ000, Years: [2017, 2018, 2020, 2021]
Tile: 05LK001, Years: [2019, 2020]
Tile: 05LL001, Years: [2017, 2018]
Tile: 05LM000, Years: [2017, 2018, 2020, 2021]
Tile: 05LN001, Years: [2017, 2018, 2020, 2021]
Tile: 05MA000, Years: [2017]
Tile: 05MB000, Years: [2015, 2017]
Tile: 05MC000, Years: [2015, 2017, 2020, 2021]
Tile: 05MD000, Years: [2017, 2020, 2021]
Tile: 05ME000, Years: [2015, 2017]
Tile: 05MF000, Years: [2002]
Tile: 05MG000, Years: [2017]
Tile: 05MH000, Years: [2017, 2018]
Tile: 05MJ000, Years: [2011, 2017, 2018]
Tile: 05NA000, Years: [2017, 2018]
Tile: 05NB000, Years: [2017]
Tile: 05NC000, Years: [2017, 2020]
Tile: 05NDA00, Years: [2017, 2018, 2020, 2021]
Tile: 05NDB00, Years: [2017, 2018, 2020, 2021]
Tile: 05NE000, Years: [2017, 2018, 2020, 2021]
Tile: 05NFA00, Years: [2017, 2018, 2021]
Tile: 05NFB00, Years: [2017, 2018, 2021]
Tile: 05NFC00, Years: [2002, 2006, 2012, 2020, 2021]
Tile: 05NG000, Years: [2011, 2017, 2018]
Tile: 05OA000, Years: [2017, 2018, 2021]
Tile: 05OB000, Years: [2017, 2018]
Tile: 05OCB00, Years: [2011]
Tile: 05OCC00, Years: [2018, 2020]
Tile: 05OD000, Years: [2011, 2018, 2020, 2021]
Tile: 05OE000, Years: [2011, 2017, 2018, 2021]
Tile: 05OF000, Years: [2005, 2011, 2017]
Tile: 05OG000, Years: [2011, 2017]
Tile: 05OH001, Years: [2005, 2011, 2015, 2017, 2018]
Tile: 05OH002, Years: [2017, 2018, 2021]
Tile: 05OJ001, Years: [2011, 2017]
Tile: 05PAB00, Years: [2020, 2021]
Tile: 05PBA00, Years: [2021]
Tile: 05PBB00, Years: [2020, 2021]
Tile: 05PCD00, Years: [2021]
Tile: 05PDA00, Years: [2020, 2021]
Tile: 05PDB00, Years: [2020, 2021]
Tile: 05PE000, Years: [2017, 2020, 2021]
Tile: 05PF000, Years: [2017, 2018, 2020, 2021]
Tile: 05PG000, Years: [2020, 2021]
Tile: 05PH000, Years: [2020, 2021]
Tile: 05PJ000, Years: [2017, 2018, 2021]
Tile: 05QA000, Years: [2020, 2021]
Tile: 05QB000, Years: [2017, 2020, 2021]
Tile: 05QC000, Years: [2017, 2020, 2021]
Tile: 05QD000, Years: [2017, 2020, 2021]
Tile: 05QE000, Years: [2017, 2020, 2021]
Tile: 05RA001, Years: [2017, 2018, 2021]
Tile: 05RB001, Years: [2017, 2018, 2020, 2021]
Tile: 05RC000, Years: [2017, 2020, 2021]
Tile: 05RD001, Years: [2017, 2020, 2021]
Tile: 05RE001, Years: [2017, 2020, 2021]
Tile: 05RF001, Years: [2017, 2020, 2021]
Tile: 05SA001, Years: [2017, 2021]
Tile: 05SB001, Years: [2017, 2018, 2021]
Tile: 05SC001, Years: [2017, 2018, 2020, 2021]
Tile: 05SD001, Years: [2017, 2018, 2020, 2021]
Tile: 05SE001, Years: [2017, 2018, 2021]
Tile: 05SF001, Years: [2020, 2021]
Tile: 05SG001, Years: [2020, 2021]
Tile: 05SH001, Years: [2017, 2020, 2021]
Tile: 05TA000, Years: [2017, 2021]
Tile: 05TB000, Years: [2017, 2021]
Tile: 05TC000, Years: [2011, 2017, 2021]
Tile: 05TD000, Years: [2011, 2017, 2021]
Tile: 05TE000, Years: [2017, 2020, 2021, 2022]
Tile: 05TF000, Years: [2017, 2018, 2020, 2021]
Tile: 05TG000, Years: [2005, 2011, 2017]
Tile: 05UA001, Years: [2017, 2020, 2021]
Tile: 05UB001, Years: [2017, 2021]
Tile: 05UC000, Years: [2017, 2021]
Tile: 05UD000, Years: [2011, 2017, 2021]
Tile: 05UE000, Years: [2011, 2017, 2021]
Tile: 05UF000, Years: [2005, 2017]
Tile: 05UG000, Years: [2004, 2005, 2017]
Tile: 05UH000, Years: [2017, 2020, 2021, 2022, 2023]
Tile: 06AA000, Years: [2015, 2017]
Tile: 06AB000, Years: [2007, 2008, 2012, 2016, 2017, 2018]
Tile: 06AC000, Years: [2017]
Tile: 06AD000, Years: [2015, 2017, 2021]
Tile: 06AE000, Years: [2005, 2015, 2017, 2020, 2021]
Tile: 06AF000, Years: [2017, 2020, 2021]
Tile: 06AG000, Years: [2015, 2017, 2020, 2021]
Tile: 06BA000, Years: [2005, 2006, 2020, 2021]
Tile: 06BB000, Years: [2015, 2017, 2020, 2021]
Tile: 06BC000, Years: [2006, 2012, 2017]
Tile: 06BD000, Years: [2005, 2006, 2016, 2017]
Tile: 06CA000, Years: [2005, 2015, 2016, 2017, 2020, 2021]
Tile: 06CB000, Years: [2016, 2017, 2021]
Tile: 06CC000, Years: [2005, 2015, 2016, 2020, 2021]
Tile: 06CD000, Years: [2017]
Tile: 06CE000, Years: [2006, 2017]
Tile: 06DA000, Years: [2017, 2020, 2021]
Tile: 06DB000, Years: [2017, 2020, 2021]
Tile: 06DC000, Years: [2005, 2006, 2016, 2017]
Tile: 06DD000, Years: [2005, 2006, 2017]
Tile: 06EA000, Years: [2017, 2020, 2021]
Tile: 06EB000, Years: [2017, 2020, 2021]
Tile: 06EC000, Years: [2005, 2006, 2017, 2020]
Tile: 06FA000, Years: [2008, 2009, 2017, 2020, 2021]
Tile: 06FB000, Years: [2017]
Tile: 06FC000, Years: [2017]
Tile: 06FD001, Years: [2008, 2019, 2020, 2021]
Tile: 06FD002, Years: [2008, 2017, 2020, 2021]
Tile: 06FE001, Years: [2008, 2019, 2020]
Tile: 06FE002, Years: [2017, 2020, 2023]
Tile: 06FE003, Years: [2020]
Tile: 06GA000, Years: [2017]
Tile: 06GB000, Years: [2008, 2017, 2023]
Tile: 06GC001, Years: [2008, 2017, 2020, 2021]
Tile: 06GC002, Years: [2017]
Tile: 06GD000, Years: [2017, 2023]
Tile: 06GE000, Years: [2017, 2018]
Tile: 06HA001, Years: [2001, 2002, 2005, 2017]
Tile: 06HA002, Years: [2005, 2017]
Tile: 06HB000, Years: [2005, 2017, 2018]
Tile: 06HC001, Years: [2008, 2015, 2017, 2019, 2020]
Tile: 06HC002, Years: [2015]
Tile: 06HD001, Years: [2005, 2017, 2021]
Tile: 06HD002, Years: [2005]
Tile: 06HE000, Years: [2005, 2020, 2021]
Tile: 06JA001, Years: [2020]
Tile: 06JA002, Years: [2002, 2003, 2020]
Tile: 06JB001, Years: [2003, 2020, 2023]
Tile: 06JB002, Years: [2017, 2018, 2019, 2020, 2021]
Tile: 06JC001, Years: [2009, 2010, 2018, 2020]
Tile: 06JC002, Years: [2009, 2010, 2017, 2018, 2020, 2023]
Tile: 06JD000, Years: [2010, 2017, 2018]
Tile: 06KA001, Years: [2002, 2017, 2020]
Tile: 06KA002, Years: [2005, 2017, 2020]
Tile: 06KB001, Years: [2020]
Tile: 06KB002, Years: [2019, 2020]
Tile: 06KC001, Years: [2000, 2010, 2021]
Tile: 06KC002, Years: [2018, 2020, 2023]
Tile: 06LA000, Years: [2005, 2017, 2020]
Tile: 06LB001, Years: [2010, 2017, 2020]
Tile: 06LB002, Years: [2010, 2017, 2021]
Tile: 06LC001, Years: [2001, 2003, 2022]
Tile: 06LC002, Years: [2018, 2022]
Tile: 06MA000, Years: [2000, 2001, 2017, 2018]
Tile: 06MB001, Years: [2003, 2012, 2018]
Tile: 06MB002, Years: [2006, 2008, 2012]
Tile: 06MB003, Years: [2006, 2008, 2017, 2018]
Tile: 06MC001, Years: [2008, 2017, 2018]
Tile: 06MC002, Years: [2006, 2008, 2018]
Tile: 06MC003, Years: [2001, 2008]
Tile: 06NA001, Years: [2005, 2015, 2020, 2021, 2022]
Tile: 06NA002, Years: [2015, 2020]
Tile: 06NB001, Years: [2005, 2015, 2022]
Tile: 06NB002, Years: [2001, 2012, 2014, 2015, 2022]
Tile: 06NC001, Years: [2008, 2012, 2014, 2015]
Tile: 06NC002, Years: [2008, 2014, 2015]
Tile: 06OA001, Years: [2017]
Tile: 06OA002, Years: [2006, 2012, 2020]
Tile: 06OA003, Years: [2006, 2017, 2018]
Tile: 06OA004, Years: [2000, 2001, 2002, 2005, 2006, 2008, 2017, 2018, 2023]
Tile: 06OB001, Years: [2005, 2006]
Tile: 06OB002, Years: [2005, 2006, 2008]
Tile: 06PA001, Years: [2020, 2021, 2022]
Tile: 06PA002, Years: [2011, 2021, 2022]
Tile: 06PA003, Years: [2005, 2008]
Tile: 06PA004, Years: [2005, 2006]
Tile: 06PA005, Years: [2021, 2022, 2023]
Tile: 06PA008, Years: [2005, 2006]
Tile: 06QA000, Years: [2005, 2006]
Tile: 06RA000, Years: [2005, 2006, 2008, 2010, 2011, 2020, 2021, 2022]
Tile: 06RB001, Years: [2005, 2008, 2021, 2023]
Tile: 06RB002, Years: [2005, 2008, 2016, 2017, 2018]
Tile: 06RC001, Years: [2016, 2017, 2018]
Tile: 06RC002, Years: [2001, 2017, 2023]
Tile: 06RC003, Years: [2001, 2023]
Tile: 06SA001, Years: [2001, 2002, 2016, 2017, 2018]
Tile: 06SA002, Years: [2000, 2001, 2002, 2003, 2004]
Tile: 06SB001, Years: [2013, 2017, 2023]
Tile: 06SB002, Years: [2003, 2005, 2013]
Tile: 06SB003, Years: [2000, 2005, 2013]
Tile: 06SB004, Years: [2005]
Tile: 06SB005, Years: [2005, 2008, 2009]
Tile: 06SB006, Years: [2004, 2005, 2008, 2009]
Tile: 06SC000, Years: [2013, 2023]
Tile: 06SD001, Years: [2004, 2005, 2008, 2009, 2011]
Tile: 06SD002, Years: [2005, 2008, 2015]
Tile: 06SD003, Years: [2005, 2013]
Tile: 06SD004, Years: [2005, 2008, 2015]
Tile: 06SD005, Years: [2005, 2013, 2014]
Tile: 06SE001, Years: [2005, 2008]
Tile: 06SE002, Years: [2005, 2008]
Tile: 06SE003, Years: [2005]
Tile: 06TA001, Years: [2005, 2008, 2009]
Tile: 06TA002, Years: [2005, 2008, 2015]
Tile: 06TA003, Years: [2005, 2011, 2013, 2014]
Tile: 06TA004, Years: [2005, 2009, 2010, 2011, 2013, 2014]
Tile: 06TB000, Years: [2005, 2011]
Tile: 07AA000, Years: [2020, 2021, 2022, 2023]
Tile: 07AB000, Years: [2001, 2007, 2023]
Tile: 07AC000, Years: [2001, 2007, 2023]
Tile: 07AD000, Years: [2000, 2001, 2002, 2006, 2007, 2009, 2010, 2022, 2023]
Tile: 07AE000, Years: [2001, 2009, 2023]
Tile: 07AF000, Years: [2001, 2007, 2023]
Tile: 07AG000, Years: [2001, 2007, 2023]
Tile: 07AH000, Years: [2002, 2003, 2007, 2015, 2022, 2023]
Tile: 07B0000, Years: [2005, 2013, 2015, 2017, 2018, 2020, 2021, 2022]
Tile: 07BA000, Years: [2001, 2007, 2023]
Tile: 07BB000, Years: [2015, 2017]
Tile: 07BC000, Years: [2015, 2017]
Tile: 07BD000, Years: [2015, 2017]
Tile: 07BE000, Years: [2015, 2017]
Tile: 07BF000, Years: [2015, 2017]
Tile: 07BG000, Years: [2015]
Tile: 07BH000, Years: [2015, 2017]
Tile: 07BJ000, Years: [2015]
Tile: 07BK000, Years: [2015]
Tile: 07CA000, Years: [2015, 2017]
Tile: 07CB000, Years: [2017]
Tile: 07CC000, Years: [2006, 2007, 2015, 2017, 2021]
Tile: 07CD000, Years: [2005, 2006, 2017]
Tile: 07CE000, Years: [2005, 2006, 2015, 2017, 2021]
Tile: 07DA000, Years: [2017]
Tile: 07DB000, Years: [2006, 2015, 2017]
Tile: 07DC000, Years: [2005, 2006, 2017]
Tile: 07DD000, Years: [2017, 2020]
Tile: 07EA001, Years: [2000, 2001, 2002, 2021, 2022, 2023]
Tile: 07EA002, Years: [2021, 2022, 2023]
Tile: 07EA003, Years: [2019, 2020, 2021, 2022, 2023]
Tile: 07EA005, Years: [2021, 2022, 2023]
Tile: 07EA0X4, Years: [2014, 2015, 2016, 2021, 2022, 2023]
Tile: 07EB001, Years: [2002, 2003, 2004, 2006, 2007, 2008]
Tile: 07EB002, Years: [2018, 2019, 2020]
Tile: 07EC001, Years: [2019, 2020, 2021, 2022, 2023]
Tile: 07EC003, Years: [2018, 2019, 2020, 2021, 2022]
Tile: 07EC0X2, Years: [2018, 2019, 2020]
Tile: 07ED000, Years: [2019, 2021, 2023]
Tile: 07EE000, Years: [2014, 2021, 2023]
Tile: 07EF000, Years: [2020, 2021, 2022]
Tile: 07FA000, Years: [2020, 2021, 2022]
Tile: 07FB000, Years: [2015, 2021, 2023]
Tile: 07FC000, Years: [2003, 2014, 2015, 2020, 2021, 2022]
Tile: 07FD000, Years: [2015]
Tile: 07GA000, Years: [2006, 2007, 2008, 2018, 2019, 2020, 2022, 2023]
Tile: 07GB000, Years: [2020, 2021, 2022, 2023]
Tile: 07GC000, Years: [2020, 2021, 2022, 2023]
Tile: 07GD000, Years: [2021, 2022, 2023]
Tile: 07GE000, Years: [2015, 2021, 2022]
Tile: 07GF000, Years: [2014, 2015, 2016, 2021, 2022, 2023]
Tile: 07GG000, Years: [2001, 2015, 2016, 2022, 2023]
Tile: 07GH000, Years: [2015, 2017]
Tile: 07GJ000, Years: [2015, 2017]
Tile: 07HA000, Years: [2015, 2017, 2021, 2022]
Tile: 07HB000, Years: [2005, 2015, 2017, 2021, 2022]
Tile: 07HC000, Years: [2015, 2021, 2022]
Tile: 07HD000, Years: [2013, 2015, 2020, 2022]
Tile: 07HE000, Years: [2015, 2017, 2021, 2022]
Tile: 07HF000, Years: [2013, 2015, 2017, 2022]
Tile: 07JA000, Years: [2015, 2017, 2020, 2021, 2022]
Tile: 07JB000, Years: [2005, 2006, 2015, 2017, 2021]
Tile: 07JC000, Years: [2005, 2015, 2017, 2021, 2022]
Tile: 07JD000, Years: [2013, 2015, 2017]
Tile: 07JE000, Years: [2006, 2015, 2017]
Tile: 07JF000, Years: [2013, 2015, 2017]
Tile: 07KA000, Years: [2017]
Tile: 07KB000, Years: [2006, 2013, 2017]
Tile: 07KC000, Years: [2011, 2013, 2017]
Tile: 07KD000, Years: [2011, 2013, 2015, 2017]
Tile: 07KE000, Years: [2011, 2013, 2017]
Tile: 07KF000, Years: [2013, 2017, 2020]
Tile: 07LA000, Years: [2004, 2017, 2021]
Tile: 07LB000, Years: [2004, 2005, 2017, 2020, 2021]
Tile: 07LC000, Years: [2004, 2005, 2017, 2018, 2020, 2021]
Tile: 07LD000, Years: [2005, 2006, 2017]
Tile: 07LEA00, Years: [2017, 2018, 2020, 2021]
Tile: 07LEB00, Years: [2004, 2010, 2011, 2012]
Tile: 07LEC00, Years: [2011, 2016, 2017, 2021]
Tile: 07MA000, Years: [2006, 2011, 2017]
Tile: 07MB000, Years: [2016, 2017, 2018]
Tile: 07MC000, Years: [2008, 2011, 2017]
Tile: 07MD000, Years: [2011, 2017]
Tile: 07NA000, Years: [2011, 2013, 2017]
Tile: 07NB000, Years: [2011, 2017]
Tile: 07NC000, Years: [2015, 2017, 2018]
Tile: 07OA000, Years: [2015, 2017]
Tile: 07OB000, Years: [2005, 2006, 2015, 2017]
Tile: 07OC000, Years: [2015, 2021, 2022]
Tile: 07PA000, Years: [2017]
Tile: 07PB000, Years: [2017, 2018]
Tile: 07PC000, Years: [2017]
Tile: 07QA000, Years: [2011, 2015, 2017, 2018]
Tile: 07QB001, Years: [2015, 2016, 2017, 2019, 2020, 2021, 2022, 2023]
Tile: 07QB002, Years: [2002, 2017, 2018]
Tile: 07QC000, Years: [2017, 2018, 2020]
Tile: 07QD001, Years: [2017]
Tile: 07QD002, Years: [2017, 2018, 2020, 2021]
Tile: 07RA000, Years: [2016, 2017]
Tile: 07RB000, Years: [2016, 2017]
Tile: 07RC000, Years: [2016, 2017]
Tile: 07RD000, Years: [2016, 2017, 2018, 2020]
Tile: 07SA001, Years: [2017]
Tile: 07SA002, Years: [2001, 2002, 2003, 2017, 2018]
Tile: 07SB000, Years: [2017]
Tile: 07SC001, Years: [2015, 2017, 2022]
Tile: 07SC002, Years: [2017, 2018, 2020]
Tile: 07TA000, Years: [2016, 2017]
Tile: 07TB000, Years: [2015, 2017, 2023]
Tile: 07UA000, Years: [2015, 2017, 2018]
Tile: 07UB001, Years: [2015, 2017, 2018, 2019]
Tile: 07UB002, Years: [2017]
Tile: 07UC001, Years: [2017, 2018]
Tile: 08AA000, Years: [2005, 2014, 2015, 2018, 2019, 2022, 2023]
Tile: 08AB000, Years: [2005, 2006, 2010, 2011, 2012]
Tile: 08ACA00, Years: [2003, 2005, 2011]
Tile: 08AD000, Years: [2005, 2006, 2007, 2021, 2022, 2023]
Tile: 08BAA00, Years: [2012, 2013, 2014, 2015, 2016, 2021, 2022, 2023]
Tile: 08BAB00, Years: [2012, 2013, 2014, 2015, 2016, 2021, 2022, 2023]
Tile: 08BAC00, Years: [2014, 2015, 2016, 2017, 2018, 2021, 2022, 2023]
Tile: 08BBA00, Years: [2014, 2015, 2016, 2021, 2022, 2023]
Tile: 08BBB00, Years: [2014, 2015, 2016, 2017, 2018, 2019, 2020, 2021]
Tile: 08BCA00, Years: [2005, 2006, 2014, 2015, 2016, 2022]
Tile: 08BE000, Years: [2004, 2005, 2006]
Tile: 08BF000, Years: [2004, 2005, 2006]
Tile: 08CA001, Years: [2018, 2019, 2020, 2021, 2022, 2023]
Tile: 08CA002, Years: [2021, 2022, 2023]
Tile: 08CA003, Years: [2021, 2022, 2023]
Tile: 08CA004, Years: [2018, 2019, 2020, 2021, 2022, 2023]
Tile: 08CB001, Years: [2018, 2019, 2022]
Tile: 08CB002, Years: [2017, 2019, 2022]
Tile: 08CC000, Years: [2013, 2019, 2022]
Tile: 08CD000, Years: [2013, 2015, 2022]
Tile: 08CE001, Years: [2014, 2015, 2016, 2017, 2018]
Tile: 08CE002, Years: [2011, 2012, 2013, 2014, 2015, 2016, 2018, 2019, 2020]
Tile: 08CE003, Years: [2004, 2005, 2006, 2016, 2017, 2018, 2019, 2020, 2021]
Tile: 08CE004, Years: [2017, 2018, 2019, 2020, 2021]
Tile: 08CFA00, Years: [2009, 2010, 2011, 2012, 2013, 2014, 2015, 2016]
Tile: 08CFB00, Years: [2005, 2014, 2015, 2017]
Tile: 08CG002, Years: [2015, 2017, 2020]
Tile: 08CG003, Years: [2020, 2021, 2022]
Tile: 08CGC00, Years: [2005, 2014, 2015, 2017]
Tile: 08DA001, Years: [2010, 2011, 2012, 2014, 2015, 2016, 2017, 2018]
Tile: 08DA002, Years: [2011, 2015, 2016, 2017, 2018]
Tile: 08DA003, Years: [2015, 2017, 2020]
Tile: 08DA004, Years: [2015, 2017, 2022]
Tile: 08DA005, Years: [2006, 2007, 2008, 2010, 2011, 2012]
Tile: 08DA006, Years: [2016, 2017, 2018, 2019, 2020, 2021, 2022]
Tile: 08DBA00, Years: [2015, 2017]
Tile: 08DBB00, Years: [2017, 2020, 2021]
Tile: 08DBC00, Years: [2005, 2015, 2017, 2020]
Tile: 08DBD00, Years: [2015, 2017]
Tile: 08DDA00, Years: [2017]
Tile: 08EA001, Years: [2006, 2007, 2008, 2020, 2021, 2022, 2023]
Tile: 08EA002, Years: [2017, 2020, 2021]
Tile: 08EB001, Years: [2005]
Tile: 08EB002, Years: [2017, 2018, 2019, 2020, 2021, 2022]
Tile: 08EC001, Years: [2018, 2019, 2020]
Tile: 08EC002, Years: [2017, 2018, 2019, 2020, 2021]
Tile: 08ED000, Years: [2000, 2001, 2007, 2008, 2014, 2015, 2016]
Tile: 08EE0X0, Years: [2005, 2015, 2019]
Tile: 08EF001, Years: [2005, 2015, 2016, 2017]
Tile: 08EGB03, Years: [2017, 2020, 2021]
Tile: 08EGBX1, Years: [2005, 2015, 2017]
Tile: 08EGBX2, Years: [2005, 2017, 2020]
Tile: 08FAAX1, Years: [2005, 2015, 2020, 2021]
Tile: 08FABX1, Years: [2014, 2015, 2017, 2020, 2021]
Tile: 08FB002, Years: [2017, 2018, 2019, 2022, 2023]
Tile: 08FB0X1, Years: [2017, 2020, 2021]
Tile: 08FC001, Years: [2014, 2015, 2016, 2020, 2021, 2022, 2023]
Tile: 08FC0X2, Years: [2018, 2019, 2023]
Tile: 08FD002, Years: [2015, 2019, 2021, 2022]
Tile: 08FD004, Years: [2005, 2015, 2019]
Tile: 08FD0X1, Years: [2005, 2015, 2019, 2020, 2021]
Tile: 08FD0X3, Years: [2005, 2015, 2019, 2020]
Tile: 08FD0X5, Years: [2005, 2015]
Tile: 08FE0X1, Years: [2015]
Tile: 08FE0X2, Years: [2015]
Tile: 08FF001, Years: [2015]
Tile: 08FG001, Years: [2021, 2022]
Tile: 08FG002, Years: [2021, 2022]
Tile: 08FG003, Years: [2015, 2021, 2022]
Tile: 08FG004, Years: [2015, 2018, 2021, 2022]
Tile: 08FG005, Years: [2005, 2015]
Tile: 08FG006, Years: [2021, 2022]
Tile: 08GABX1, Years: [2014, 2015, 2018, 2019, 2020, 2021]
Tile: 08GB0X1, Years: [2014, 2018, 2020, 2021]
Tile: 08GC0X0, Years: [2017, 2018, 2020, 2021]
Tile: 08GD001, Years: [2019, 2020, 2021]
Tile: 08GE0X0, Years: [2019, 2020, 2021]
Tile: 08GF001, Years: [2014, 2020, 2021]
Tile: 08GF002, Years: [2015, 2019, 2020]
Tile: 08HA0X2, Years: [2014, 2015, 2018, 2019, 2020, 2021]
Tile: 08HA0X3, Years: [2020, 2021]
Tile: 08HAC00, Years: [2005, 2015, 2020, 2021]
Tile: 08HAD00, Years: [2005, 2020, 2021]
Tile: 08HB001, Years: [2014, 2020, 2021]
Tile: 08HB002, Years: [2020, 2021]
Tile: 08HB0X3, Years: [2018, 2020, 2021]
Tile: 08HC0X1, Years: [2014, 2015]
Tile: 08HD001, Years: [2014, 2020, 2021]
Tile: 08HD002, Years: [2014, 2018, 2020, 2021]
Tile: 08HE002, Years: [2014, 2015]
Tile: 08HE003, Years: [2014, 2015]
Tile: 08HE0X1, Years: [2014, 2015]
Tile: 08HF001, Years: [2004, 2008, 2013, 2014, 2018]
Tile: 08HF002, Years: [2004, 2013, 2014, 2015, 2021, 2022]
Tile: 08HF003, Years: [2014, 2015, 2020, 2021]
Tile: 08HF0X4, Years: [2014, 2015, 2020, 2021]
Tile: 08JAA00, Years: [2018, 2019, 2020, 2022, 2023]
Tile: 08JAB01, Years: [2020, 2021, 2022, 2023]
Tile: 08JAB02, Years: [2018, 2019, 2020, 2021, 2022, 2023]
Tile: 08JAB03, Years: [2018, 2019]
Tile: 08JAB04, Years: [2011, 2018, 2019, 2020]
Tile: 08JB000, Years: [2018, 2019, 2020]
Tile: 08JC001, Years: [2005, 2015, 2019]
Tile: 08JC002, Years: [2005, 2015, 2018, 2019, 2020]
Tile: 08JC003, Years: [2010, 2019, 2023]
Tile: 08JD002, Years: [2018, 2019, 2020, 2021, 2022]
Tile: 08JD003, Years: [2018, 2019, 2020, 2021, 2022]
Tile: 08JD0X1, Years: [2008, 2018, 2019, 2020]
Tile: 08JE001, Years: [2008, 2019, 2023]
Tile: 08JE002, Years: [2008, 2018, 2019]
Tile: 08JE003, Years: [2008, 2018, 2019, 2020, 2021]
Tile: 08JE004, Years: [2008, 2018, 2019, 2020]
Tile: 08KA002, Years: [2020, 2021, 2022, 2023]
Tile: 08KA0X1, Years: [2005, 2015, 2018, 2019, 2020]
Tile: 08KB001, Years: [2018, 2019, 2020, 2021, 2022, 2023]
Tile: 08KB002, Years: [2018, 2019, 2023]
Tile: 08KC001, Years: [2015, 2019, 2023]
Tile: 08KC002, Years: [2019, 2020, 2023]
Tile: 08KC003, Years: [2008, 2019, 2020, 2023]
Tile: 08KD001, Years: [2015, 2019, 2023]
Tile: 08KD002, Years: [2014, 2015, 2016, 2018, 2019, 2020, 2022, 2023]
Tile: 08KEB01, Years: [2017, 2018, 2019]
Tile: 08KEB03, Years: [2005, 2015, 2017, 2019]
Tile: 08KEBX2, Years: [2017]
Tile: 08KF001, Years: [2001, 2018, 2023]
Tile: 08KG001, Years: [2018, 2019, 2020]
Tile: 08KG002, Years: [2018, 2019, 2023]
Tile: 08KG003, Years: [2018, 2019, 2020, 2022, 2023]
Tile: 08KH001, Years: [2022, 2023]
Tile: 08KH002, Years: [2000, 2001, 2023]
Tile: 08KH003, Years: [2022, 2023]
Tile: 08LA001, Years: [2023]
Tile: 08LA002, Years: [2022, 2023]
Tile: 08LA003, Years: [2018, 2019, 2020]
Tile: 08LA004, Years: [2000, 2001, 2002, 2009, 2010, 2019, 2020, 2021, 2022, 2023]
Tile: 08LB001, Years: [2017, 2018, 2019]
Tile: 08LB002, Years: [2017, 2018, 2019, 2020]
Tile: 08LC000, Years: [2019, 2020, 2021]
Tile: 08LD000, Years: [2017, 2018, 2019, 2020, 2021, 2022]
Tile: 08LE001, Years: [2017, 2019, 2021]
Tile: 08LE002, Years: [2019, 2020, 2021, 2022]
Tile: 08LF001, Years: [2005, 2017, 2018, 2019, 2020]
Tile: 08LF002, Years: [2017, 2019, 2021]
Tile: 08LF003, Years: [2005, 2017, 2019]
Tile: 08LF004, Years: [2001, 2022, 2023]
Tile: 08LG001, Years: [2005, 2018, 2019, 2020]
Tile: 08LG002, Years: [2005, 2017, 2019]
Tile: 08LG003, Years: [2017, 2019]
Tile: 08MA001, Years: [2001, 2002, 2021]
Tile: 08MA002, Years: [2001, 2002, 2003, 2017, 2018, 2019]
Tile: 08MB001, Years: [2000, 2002, 2018]
Tile: 08MB003, Years: [2000, 2001, 2002, 2011, 2012, 2013]
Tile: 08MB0X2, Years: [2017, 2018, 2019]
Tile: 08MC001, Years: [2017, 2018, 2019, 2020]
Tile: 08MC003, Years: [2017, 2018, 2019, 2023]
Tile: 08MC0X2, Years: [2017, 2018]
Tile: 08MD001, Years: [2005, 2017, 2019]
Tile: 08MD002, Years: [2005]
Tile: 08MEAX0, Years: [2017, 2018, 2019, 2020]
Tile: 08MF001, Years: [2013, 2014, 2015, 2017, 2018, 2019, 2020, 2021, 2022]
Tile: 08MG001, Years: [2017, 2019, 2020, 2021]
Tile: 08MG0X2, Years: [2020, 2021, 2023]
Tile: 08MHA00, Years: [2023]
Tile: 08MHBX1, Years: [2019, 2020, 2021]
Tile: 08MHE00, Years: [2014, 2015, 2016]
Tile: 08MHF00, Years: [2015, 2019, 2021]
Tile: 08NA001, Years: [2005, 2017, 2018, 2019]
Tile: 08NA002, Years: [2017, 2019, 2021]
Tile: 08NB000, Years: [2017, 2018, 2019, 2020, 2021, 2022, 2023]
Tile: 08NC000, Years: [2000, 2001, 2020, 2021, 2022, 2023]
Tile: 08ND000, Years: [2018, 2019, 2020, 2021, 2022]
Tile: 08NE002, Years: [2018, 2019, 2020, 2021, 2022]
Tile: 08NEA00, Years: [2018, 2019, 2020, 2021, 2022]
Tile: 08NEB00, Years: [2017, 2018, 2019, 2020, 2021, 2022]
Tile: 08NEC00, Years: [2011, 2012, 2013, 2014, 2015, 2016, 2017]
Tile: 08NF000, Years: [2001, 2017, 2023]
Tile: 08NG001, Years: [2017, 2018, 2019]
Tile: 08NGB00, Years: [2017, 2018, 2019]
Tile: 08NH002, Years: [2017, 2018, 2019, 2020, 2021, 2022]
Tile: 08NHA00, Years: [2017, 2018, 2019, 2020, 2021]
Tile: 08NHB00, Years: [2017, 2018]
Tile: 08NHC00, Years: [2014, 2015, 2016, 2017, 2018]
Tile: 08NJ000, Years: [2017, 2018, 2019, 2020, 2021, 2022]
Tile: 08NK000, Years: [2016, 2017, 2018, 2020, 2021, 2022, 2023]
Tile: 08NL000, Years: [2015, 2017, 2019]
Tile: 08NM000, Years: [2017, 2019, 2020]
Tile: 08NN000, Years: [2019, 2021]
Tile: 08NP000, Years: [2010, 2011, 2012, 2015, 2016, 2017, 2022, 2023]
Tile: 08OA000, Years: [2015, 2016]
Tile: 08OB000, Years: [2005, 2015, 2016]
Tile: 08PA000, Years: [2017, 2018, 2019, 2020, 2021, 2022]
Tile: 09AAA00, Years: [2005]
Tile: 09AAB00, Years: [2005]
Tile: 09AAC00, Years: [2005, 2014, 2015, 2018, 2019]
Tile: 09AB000, Years: [2015, 2016, 2021, 2022]
Tile: 09AC000, Years: [2005, 2014, 2015, 2021, 2022]
Tile: 09AD000, Years: [2013, 2015, 2022]
Tile: 09AE000, Years: [2012, 2013, 2015, 2016, 2022, 2023]
Tile: 09AF000, Years: [2014, 2015, 2016, 2022]
Tile: 09AG000, Years: [2015, 2019, 2022]
Tile: 09AH000, Years: [2022]
Tile: 09BA000, Years: [2015, 2016, 2019, 2021, 2022, 2023]
Tile: 09BB000, Years: [2016, 2019, 2022]
Tile: 09BC000, Years: [2022]
Tile: 09CA000, Years: [2022]
Tile: 09CB000, Years: [2005, 2014, 2015, 2019, 2022]
Tile: 09CC000, Years: [2015]
Tile: 09CD000, Years: [2015, 2019, 2022]
Tile: 09DA000, Years: [2015, 2016, 2017, 2018, 2019, 2020, 2021, 2022, 2023]
Tile: 09DB000, Years: [2015, 2016, 2017]
Tile: 09DC000, Years: [2015, 2019, 2022]
Tile: 09DD000, Years: [2015, 2016, 2017, 2021, 2022]
Tile: 09EA000, Years: [2005, 2016, 2022]
Tile: 09EB000, Years: [2004, 2005, 2006, 2014, 2015, 2016, 2018, 2019, 2020]
Tile: 09EC000, Years: [2005, 2008, 2019]
Tile: 09ED000, Years: [2018, 2019, 2020]
Tile: 09FA000, Years: [2018, 2019, 2020]
Tile: 09FB000, Years: [2001, 2004, 2019]
Tile: 09FC000, Years: [2000, 2001, 2004]
Tile: 09FDA00, Years: [2000, 2001, 2002, 2003, 2004, 2005]
Tile: 09FEA00, Years: [2018, 2019, 2020]
Tile: 09HA000, Years: [2015, 2019]
Tile: 09MAA00, Years: [2010, 2015, 2016]
Tile: 09MAB00, Years: [2015, 2016, 2017]
Tile: 10AA001, Years: [2015, 2019, 2022]
Tile: 10AA002, Years: [2015, 2022]
Tile: 10AB000, Years: [2014, 2015, 2016, 2019, 2020, 2021, 2022, 2023]
Tile: 10AC003, Years: [2013, 2015, 2022]
Tile: 10AC004, Years: [2015, 2016, 2017, 2018, 2019, 2022]
Tile: 10AC005, Years: [2022, 2023]
Tile: 10AC0X1, Years: [2015, 2022]
Tile: 10AC0X2, Years: [2015, 2019, 2022]
Tile: 10AD000, Years: [2015, 2019, 2022]
Tile: 10BA000, Years: [2015, 2019, 2022]
Tile: 10BB001, Years: [2015, 2019, 2022]
Tile: 10BB002, Years: [2015, 2022]
Tile: 10BB003, Years: [2022, 2023]
Tile: 10BB004, Years: [2000, 2001, 2022, 2023]
Tile: 10BC000, Years: [2015, 2019, 2022]
Tile: 10BD000, Years: [2014, 2015, 2016, 2021, 2022, 2023]
Tile: 10BE001, Years: [2015, 2019, 2022]
Tile: 10BE002, Years: [2005, 2015, 2022]
Tile: 10CA000, Years: [2015, 2021, 2022]
Tile: 10CB000, Years: [2015, 2021, 2022]
Tile: 10CC000, Years: [2005, 2015, 2022]
Tile: 10CD000, Years: [2005, 2006, 2015, 2022]
Tile: 10CE0X0, Years: [2005, 2015, 2017, 2022]
Tile: 10CF000, Years: [2005, 2015, 2017, 2022]
Tile: 10DA000, Years: [2005, 2006, 2015, 2017]
Tile: 10DB000, Years: [2015]
Tile: 10EA000, Years: [2004, 2022, 2023]
Tile: 10EB000, Years: [2019, 2022, 2023]
Tile: 10EC000, Years: [2015, 2017, 2022]
Tile: 10ED000, Years: [2015, 2017, 2022]
Tile: 10FA000, Years: [2015, 2017, 2018]
Tile: 10FB000, Years: [2017]
Tile: 10FC000, Years: [2015, 2017, 2018]
Tile: 10GA000, Years: [2014, 2015, 2022]
Tile: 10GB000, Years: [2017]
Tile: 10GC000, Years: [2015, 2017, 2022]
Tile: 10GD000, Years: [2015, 2017, 2022]
Tile: 10HA000, Years: [2013, 2014, 2015]
Tile: 10HB000, Years: [2008, 2009, 2010, 2021, 2022, 2023]
Tile: 10HC000, Years: [2014, 2015, 2017, 2018]
Tile: 10J1000, Years: [2016, 2017, 2018]
Tile: 10JA001, Years: [2016, 2017, 2020]
Tile: 10JA002, Years: [2017]
Tile: 10JB001, Years: [2015, 2016]
Tile: 10JB002, Years: [2003, 2004, 2020, 2022, 2023]
Tile: 10JC000, Years: [2014, 2015, 2016, 2023]
Tile: 10JD001, Years: [2020, 2022, 2023]
Tile: 10JD002, Years: [2019, 2020]
Tile: 10JE000, Years: [2001, 2002, 2018, 2019, 2020]
Tile: 10KA000, Years: [2014, 2015, 2023]
Tile: 10KB000, Years: [2013, 2014, 2015, 2020, 2021, 2022]
Tile: 10KC000, Years: [2013, 2014, 2015, 2020, 2021, 2022, 2023]
Tile: 10KD000, Years: [2014, 2015, 2023]
Tile: 10LA000, Years: [2015]
Tile: 10LB000, Years: [2000, 2004, 2015, 2023]
Tile: 10LC000, Years: [2023]
Tile: 10LD000, Years: [2003, 2004, 2020, 2023]
Tile: 10MA000, Years: [2003, 2004, 2005, 2018, 2019, 2020, 2021, 2022, 2023]
Tile: 10MB000, Years: [2015, 2019, 2021]
Tile: 10MC001, Years: [2002, 2009, 2023]
Tile: 10MC002, Years: [2001, 2015, 2023]
Tile: 10MD000, Years: [2002, 2003, 2005, 2006]
Tile: 10NA000, Years: [2003, 2004, 2017, 2020, 2023]
Tile: 10NB001, Years: [2004, 2016, 2017]
Tile: 10NB002, Years: [2015, 2016, 2017, 2018]
Tile: 10NC000, Years: [2023]
Tile: 10ND000, Years: [2003, 2009, 2023]
Tile: 10NE000, Years: [2002, 2003, 2009, 2023]
Tile: 10OA001, Years: [2000]
Tile: 10OA002, Years: [2015, 2017, 2018, 2019, 2020]
Tile: 10OB000, Years: [2017, 2018, 2020, 2023]
Tile: 10OC001, Years: [2015, 2017, 2018, 2019]
Tile: 10OC002, Years: [2003, 2017, 2019]
Tile: 10PA000, Years: [2002, 2010, 2017]
Tile: 10PB000, Years: [2016, 2017, 2018]
Tile: 10PC000, Years: [2002, 2017, 2020]
Tile: 10QA001, Years: [2003, 2010, 2019]
Tile: 10QA002, Years: [2003, 2017, 2019]
Tile: 10QB000, Years: [2016, 2017, 2018, 2019, 2020]
Tile: 10QC001, Years: [2016, 2017]
Tile: 10QC002, Years: [2002, 2003, 2004, 2018, 2019, 2020]
Tile: 10QC003, Years: [2019]
Tile: 10QC004, Years: [2009, 2016, 2019, 2023]
Tile: 10QD001, Years: [2003, 2019, 2020]
Tile: 10QD002, Years: [2019]
Tile: 10QD003, Years: [2004, 2009, 2016, 2019, 2023]
Tile: 10QD004, Years: [2004, 2009, 2016, 2019, 2023]
Tile: 10QE001, Years: [2004, 2009, 2016, 2023]
Tile: 10QE002, Years: [2004, 2005, 2009, 2016, 2023]
Tile: 10QF001, Years: [2002, 2004, 2005, 2009, 2016, 2023]
Tile: 10QF002, Years: [2002, 2016, 2023]
Tile: 10RA001, Years: [2015, 2016, 2017]
Tile: 10RA002, Years: [2002, 2003, 2004]
Tile: 10RA003, Years: [2019, 2020, 2023]
Tile: 10RA004, Years: [2001, 2003, 2023]
Tile: 10RA005, Years: [2010, 2018, 2023]
Tile: 10RB001, Years: [2019, 2020, 2023]
Tile: 10RB002, Years: [2009, 2010, 2018, 2023]
Tile: 10RB003, Years: [2010, 2018, 2023]
Tile: 10RC001, Years: [2000, 2010, 2023]
Tile: 10RC002, Years: [2000, 2001, 2003, 2017, 2018, 2023]
Tile: 10RD001, Years: [2000, 2001, 2003, 2010]
Tile: 10RD002, Years: [2000, 2003, 2019]
Tile: 10SA001, Years: [2010]
Tile: 10SA002, Years: [2000, 2001, 2010]
Tile: 10SB000, Years: [2000, 2002, 2003, 2004, 2005, 2009, 2010]
Tile: 10SC000, Years: [2002, 2003, 2004, 2005, 2006, 2009, 2010]
Tile: 10SD001, Years: [2000, 2001, 2005, 2006, 2010]
Tile: 10SD002, Years: [2010]
Tile: 10SE001, Years: [2000, 2001, 2010]
Tile: 10SE002, Years: [2005, 2010, 2021, 2023]
Tile: 10TA001, Years: [2002, 2003, 2023]
Tile: 10TA002, Years: [2002, 2003, 2019, 2023]
Tile: 10TA003, Years: [2002, 2003, 2018, 2019, 2023]
Tile: 10TA004, Years: [2002, 2003, 2019, 2023]
Tile: 10TB001, Years: [2002, 2003, 2010, 2023]
Tile: 10TB002, Years: [2003, 2023]
Tile: 10TC001, Years: [2003]
Tile: 10TC002, Years: [2019, 2020]
Tile: 10TD001, Years: [2023]
Tile: 10TD002, Years: [2004, 2009, 2016, 2023]
Tile: 10TE001, Years: [2003, 2004, 2009]
Tile: 10TE002, Years: [2009]
Tile: 10TE003, Years: [2004, 2009, 2016]
Tile: 10TE004, Years: [2004, 2009]
Tile: 10TE005, Years: [2004, 2009, 2016]
Tile: 10TE006, Years: [2004, 2009, 2023]
Tile: 10TE007, Years: [2004, 2009, 2010]
Tile: 10TE008, Years: [2004, 2009, 2016]
Tile: 10TF001, Years: [2003, 2019, 2023]
Tile: 10TF002, Years: [2003, 2019, 2023]
Tile: 10TF003, Years: [2016, 2019, 2023]
Tile: 10TF004, Years: [2023]
Tile: 10TF005, Years: [2009, 2016, 2023]
Tile: 10TF006, Years: [2004, 2009, 2023]
Tile: 10TG001, Years: [2002, 2003, 2004, 2016, 2017, 2019, 2020, 2023]
Tile: 10TG002, Years: [2009, 2016, 2023]
Tile: 10TH000, Years: [2003, 2004]
Tile: 10TJ001, Years: [2002, 2004, 2009, 2010]
Tile: 10TJ002, Years: [2000, 2002, 2004, 2009, 2010]
Tile: 10TK000, Years: [2003, 2004]
Tile: 10TL000, Years: [2003, 2004, 2009]
Tile: 10TM000, Years: [2003, 2017, 2019]
Tile: 10TN000, Years: [2003, 2004, 2017]
Tile: 10UA001, Years: [2002, 2003, 2004, 2016, 2017, 2018]
Tile: 10UA002, Years: [2000, 2001, 2002, 2003, 2004]
Tile: 10UB001, Years: [2000, 2001, 2002, 2003, 2004, 2005]
Tile: 10UB002, Years: [2002, 2004, 2017]
Tile: 10UC000, Years: [2005, 2017, 2023]
Tile: 10UD001, Years: [2004, 2005, 2016, 2017, 2018]
Tile: 10UD002, Years: [2004, 2005]
Tile: 10UE001, Years: [2004, 2005, 2008, 2009]
Tile: 10UE002, Years: [2005, 2008, 2011]
Tile: 10UF000, Years: [2004, 2005, 2008, 2009, 2011]
Tile: 10UG001, Years: [2005, 2006, 2008, 2009, 2011]
Tile: 10UG002, Years: [2005, 2008, 2011, 2013, 2014]
Tile: 10UH001, Years: [2005, 2013, 2014, 2022]
Tile: 10UH002, Years: [2005, 2013, 2014]
Tile: 10VA001, Years: [2002, 2003, 2005, 2006, 2022, 2023]
Tile: 10VA002, Years: [2002, 2003, 2004, 2005, 2006, 2007]
Tile: 10VB001, Years: [2002, 2003, 2004]
Tile: 10VB002, Years: [2002, 2003, 2004, 2005, 2021, 2022, 2023]
Tile: 10VB003, Years: [2002, 2003, 2004]
Tile: 10VC001, Years: [2002, 2003, 2004]
Tile: 10VC002, Years: [2002, 2003, 2004, 2005]
Tile: 10VD001, Years: [2019]
Tile: 10VD002, Years: [2016, 2017, 2018, 2019, 2020]
Tile: 10VE001, Years: [2015, 2016, 2017, 2018, 2019, 2020, 2021]
Tile: 10VE002, Years: [2002, 2016, 2020]
Tile: 10VF001, Years: [2018, 2019, 2020]
Tile: 10VF002, Years: [2018, 2019]
Tile: 10VF003, Years: [2019]
Tile: 10VF004, Years: [2002, 2003, 2004]
Tile: 10VG001, Years: [2016, 2017, 2018, 2019, 2020]
Tile: 10VG002, Years: [2016, 2017, 2018, 2019, 2020, 2021]
Tile: 10VG003, Years: [2016, 2017, 2018, 2019, 2020, 2021]
Tile: 10VG004, Years: [2003, 2004, 2005, 2018, 2019, 2020, 2021]
Tile: 10VH001, Years: [2016, 2017, 2018, 2019, 2020, 2021]
Tile: 10VH002, Years: [2016, 2017, 2018, 2019, 2020, 2021]
Tile: 10VJ000, Years: [2016, 2017, 2018, 2019, 2020]
Tile: 10VK001, Years: [2016, 2017, 2018]
Tile: 10VK002, Years: [2016, 2017, 2018]
Tile: 10VL001, Years: [2016, 2017, 2018, 2019, 2020, 2021]
Tile: 10VL002, Years: [2016, 2017, 2018, 2019, 2020, 2021]
Tile: 10VM001, Years: [2017, 2018, 2019, 2020, 2021]
Tile: 10VM002, Years: [2016, 2017, 2018, 2019, 2020, 2021]
Tile: 11AAA00, Years: [2000, 2001, 2002, 2009]
Tile: 11AAB00, Years: [2017, 2018]
Tile: 11AAC00, Years: [2016, 2017, 2018]
Tile: 11AAD00, Years: [2017]
Tile: 11ABA00, Years: [2017, 2021]
Tile: 11ABC00, Years: [2017, 2021]
Tile: 11ABD00, Years: [2017]
Tile: 11AC000, Years: [2017, 2018]
Tile: 11ADA00, Years: [2017]
Tile: 11AEA00, Years: [2017, 2018]
Tile: 11AEB00, Years: [2017, 2018, 2022]
Tile: 11AEC00, Years: [2017, 2018]
Tile: 11AFA00, Years: [2017]
Tile: 11AFB00, Years: [2017]
[INFO] Finished reading CSV. Total tiles: 1329
[INFO] Processing tile 201000 with years [2005, 2008, 2011, 2021]
Traceback (most recent call last):
  File "/gpfs/fs5/nrcan/nrcan_geobase/work/dev/hem000/FSI2/flood-susceptibility-main/src/trends/extreme-raster-average.py", line 282, in <module>
    main()
  File "/gpfs/fs5/nrcan/nrcan_geobase/work/dev/hem000/FSI2/flood-susceptibility-main/src/trends/extreme-raster-average.py", line 266, in main
    clipped_paths = clip_rasters(years, shapefile, tile_id, wd, nodata=NODATA_DEFAULT)
                    ^^^^^^^^^^^^^^^^^^^^^^^^^^^^^^^^^^^^^^^^^^^^^^^^^^^^^^^^^^^^^^^^^^
  File "/gpfs/fs5/nrcan/nrcan_geobase/work/dev/hem000/FSI2/flood-susceptibility-main/src/trends/extreme-raster-average.py", line 171, in clip_rasters
    raise ValueError(f"No geometry found in shapefile for tile_id={tile_id}")
ValueError: No geometry found in shapefile for tile_id=201000
